<?xml version="1.0" encoding="UTF-8"?>
<!-- Generated by org.testng.reporters.JUnitXMLReporter -->
<testsuite hostname="ROG" ignored="0" name="Test" tests="12" failures="2" timestamp="02 Sep 2020 02:46:44 GMT" time="0.025" errors="0">
  <testcase name="Krunal" time="0.0" classname="selenium.Testing1"/>
  <testcase name="Krunal" time="0.0" classname="selenium.Testing1"/>
  <testcase name="test1" time="0.0" classname="selenium.Testing1"/>
  <testcase name="test1" time="0.0" classname="selenium.Testing1"/>
  <testcase name="test1" time="0.0" classname="selenium.Testing1"/>
  <testcase name="test2" time="0.0" classname="selenium.Testing1"/>
  <testcase name="test3" time="0.0" classname="selenium.Testing1"/>
  <testcase name="test4" time="0.0" classname="selenium.Testing2"/>
  <testcase name="test5" time="0.0" classname="selenium.Testing2"/>
  <testcase name="homeTest" time="0.002" classname="selenium.Testing3">
    <failure type="java.lang.AssertionError" message="Verifying Element expected [true] but found [false]">
      <![CDATA[java.lang.AssertionError: Verifying Element expected [true] but found [false]
at selenium.Testing3.homeTest(Testing3.java:15)
... Removed 27 stack frames]]>
    </failure>
  </testcase> <!-- homeTest -->
  <testcase name="mainTest" time="0.0" classname="selenium.Testing3">
    <skipped/>
  </testcase> <!-- mainTest -->
  <testcase name="endTest" time="0.0" classname="selenium.Testing3">
    <failure type="java.lang.AssertionError" message="The following asserts failed:
	Verifying element expected [true] but found [false],
	expected [abc1] but found [abc]">
      <![CDATA[java.lang.AssertionError: The following asserts failed:
Verifying element expected [true] but found [false],
expected [abc1] but found [abc]
at selenium.Testing3.endTest(Testing3.java:36)
... Removed 25 stack frames]]>
    </failure>
  </testcase> <!-- endTest -->
</testsuite> <!-- Test -->
