<?xml version="1.0" encoding="UTF-8"?>
<testng-results skipped="1" failed="2" ignored="0" total="12" passed="9">
  <reporter-output>
  </reporter-output>
  <suite name="Suite" duration-ms="25" started-at="2020-09-02T02:46:44Z" finished-at="2020-09-02T02:46:44Z">
    <groups>
      <group name="smoke">
        <method signature="Testing3.endTest()[pri:3, instance:selenium.Testing3@61baa894]" name="endTest" class="selenium.Testing3"/>
        <method signature="Testing3.mainTest()[pri:2, instance:selenium.Testing3@61baa894]" name="mainTest" class="selenium.Testing3"/>
      </group> <!-- smoke -->
      <group name="krunal">
        <method signature="Testing3.endTest()[pri:3, instance:selenium.Testing3@61baa894]" name="endTest" class="selenium.Testing3"/>
      </group> <!-- krunal -->
      <group name="sanity">
        <method signature="Testing3.mainTest()[pri:2, instance:selenium.Testing3@61baa894]" name="mainTest" class="selenium.Testing3"/>
      </group> <!-- sanity -->
    </groups>
    <test name="Test" duration-ms="25" started-at="2020-09-02T02:46:44Z" finished-at="2020-09-02T02:46:44Z">
      <class name="selenium.Testing2">
        <test-method status="PASS" signature="test4()[pri:0, instance:selenium.Testing2@65e579dc]" name="test4" duration-ms="0" started-at="2020-09-02T02:46:44Z" finished-at="2020-09-02T02:46:44Z">
          <reporter-output>
          </reporter-output>
        </test-method> <!-- test4 -->
        <test-method status="PASS" signature="test5()[pri:0, instance:selenium.Testing2@65e579dc]" name="test5" duration-ms="0" started-at="2020-09-02T02:46:44Z" finished-at="2020-09-02T02:46:44Z">
          <reporter-output>
          </reporter-output>
        </test-method> <!-- test5 -->
      </class> <!-- selenium.Testing2 -->
      <class name="selenium.Testing3">
        <test-method status="FAIL" signature="homeTest()[pri:1, instance:selenium.Testing3@61baa894]" name="homeTest" duration-ms="2" started-at="2020-09-02T02:46:44Z" finished-at="2020-09-02T02:46:44Z">
          <exception class="java.lang.AssertionError">
            <message>
              <![CDATA[Verifying Element expected [true] but found [false]]]>
            </message>
            <full-stacktrace>
              <![CDATA[java.lang.AssertionError: Verifying Element expected [true] but found [false]
at org.testng.Assert.fail(Assert.java:96)
at org.testng.Assert.failNotEquals(Assert.java:776)
at org.testng.Assert.assertTrue(Assert.java:44)
at selenium.Testing3.homeTest(Testing3.java:15)
at sun.reflect.NativeMethodAccessorImpl.invoke0(Native Method)
at sun.reflect.NativeMethodAccessorImpl.invoke(NativeMethodAccessorImpl.java:62)
at sun.reflect.DelegatingMethodAccessorImpl.invoke(DelegatingMethodAccessorImpl.java:43)
at java.lang.reflect.Method.invoke(Method.java:498)
at org.testng.internal.MethodInvocationHelper.invokeMethod(MethodInvocationHelper.java:124)
at org.testng.internal.Invoker.invokeMethod(Invoker.java:580)
at org.testng.internal.Invoker.invokeTestMethod(Invoker.java:716)
at org.testng.internal.Invoker.invokeTestMethods(Invoker.java:988)
at org.testng.internal.TestMethodWorker.invokeTestMethods(TestMethodWorker.java:125)
at org.testng.internal.TestMethodWorker.run(TestMethodWorker.java:109)
at org.testng.TestRunner.privateRun(TestRunner.java:648)
at org.testng.TestRunner.run(TestRunner.java:505)
at org.testng.SuiteRunner.runTest(SuiteRunner.java:455)
at org.testng.SuiteRunner.runSequentially(SuiteRunner.java:450)
at org.testng.SuiteRunner.privateRun(SuiteRunner.java:415)
at org.testng.SuiteRunner.run(SuiteRunner.java:364)
at org.testng.SuiteRunnerWorker.runSuite(SuiteRunnerWorker.java:52)
at org.testng.SuiteRunnerWorker.run(SuiteRunnerWorker.java:84)
at org.testng.TestNG.runSuitesSequentially(TestNG.java:1208)
at org.testng.TestNG.runSuitesLocally(TestNG.java:1137)
at org.testng.TestNG.runSuites(TestNG.java:1049)
at org.testng.TestNG.run(TestNG.java:1017)
at org.testng.TestNG.privateMain(TestNG.java:1354)
at org.testng.TestNG.main(TestNG.java:1323)
]]>
            </full-stacktrace>
          </exception> <!-- java.lang.AssertionError -->
          <reporter-output>
          </reporter-output>
        </test-method> <!-- homeTest -->
        <test-method status="SKIP" signature="mainTest()[pri:2, instance:selenium.Testing3@61baa894]" name="mainTest" duration-ms="0" started-at="2020-09-02T02:46:44Z" depends-on-methods="selenium.Testing3.homeTest" finished-at="2020-09-02T02:46:44Z">
          <exception class="java.lang.Throwable">
            <message>
              <![CDATA[Method Testing3.mainTest()[pri:2, instance:selenium.Testing3@61baa894] depends on not successfully finished methods]]>
            </message>
            <full-stacktrace>
              <![CDATA[java.lang.Throwable: Method Testing3.mainTest()[pri:2, instance:selenium.Testing3@61baa894] depends on not successfully finished methods
at org.testng.internal.Invoker.invokeTestMethods(Invoker.java:887)
at org.testng.internal.TestMethodWorker.invokeTestMethods(TestMethodWorker.java:125)
at org.testng.internal.TestMethodWorker.run(TestMethodWorker.java:109)
at org.testng.TestRunner.privateRun(TestRunner.java:648)
at org.testng.TestRunner.run(TestRunner.java:505)
at org.testng.SuiteRunner.runTest(SuiteRunner.java:455)
at org.testng.SuiteRunner.runSequentially(SuiteRunner.java:450)
at org.testng.SuiteRunner.privateRun(SuiteRunner.java:415)
at org.testng.SuiteRunner.run(SuiteRunner.java:364)
at org.testng.SuiteRunnerWorker.runSuite(SuiteRunnerWorker.java:52)
at org.testng.SuiteRunnerWorker.run(SuiteRunnerWorker.java:84)
at org.testng.TestNG.runSuitesSequentially(TestNG.java:1208)
at org.testng.TestNG.runSuitesLocally(TestNG.java:1137)
at org.testng.TestNG.runSuites(TestNG.java:1049)
at org.testng.TestNG.run(TestNG.java:1017)
at org.testng.TestNG.privateMain(TestNG.java:1354)
at org.testng.TestNG.main(TestNG.java:1323)
]]>
            </full-stacktrace>
          </exception> <!-- java.lang.Throwable -->
          <reporter-output>
          </reporter-output>
        </test-method> <!-- mainTest -->
        <test-method status="FAIL" signature="endTest()[pri:3, instance:selenium.Testing3@61baa894]" name="endTest" duration-ms="0" started-at="2020-09-02T02:46:44Z" finished-at="2020-09-02T02:46:44Z">
          <exception class="java.lang.AssertionError">
            <message>
              <![CDATA[The following asserts failed:
Verifying element expected [true] but found [false],
expected [abc1] but found [abc]]]>
            </message>
            <full-stacktrace>
              <![CDATA[java.lang.AssertionError: The following asserts failed:
Verifying element expected [true] but found [false],
expected [abc1] but found [abc]
at org.testng.asserts.SoftAssert.assertAll(SoftAssert.java:43)
at selenium.Testing3.endTest(Testing3.java:36)
at sun.reflect.NativeMethodAccessorImpl.invoke0(Native Method)
at sun.reflect.NativeMethodAccessorImpl.invoke(NativeMethodAccessorImpl.java:62)
at sun.reflect.DelegatingMethodAccessorImpl.invoke(DelegatingMethodAccessorImpl.java:43)
at java.lang.reflect.Method.invoke(Method.java:498)
at org.testng.internal.MethodInvocationHelper.invokeMethod(MethodInvocationHelper.java:124)
at org.testng.internal.Invoker.invokeMethod(Invoker.java:580)
at org.testng.internal.Invoker.invokeTestMethod(Invoker.java:716)
at org.testng.internal.Invoker.invokeTestMethods(Invoker.java:988)
at org.testng.internal.TestMethodWorker.invokeTestMethods(TestMethodWorker.java:125)
at org.testng.internal.TestMethodWorker.run(TestMethodWorker.java:109)
at org.testng.TestRunner.privateRun(TestRunner.java:648)
at org.testng.TestRunner.run(TestRunner.java:505)
at org.testng.SuiteRunner.runTest(SuiteRunner.java:455)
at org.testng.SuiteRunner.runSequentially(SuiteRunner.java:450)
at org.testng.SuiteRunner.privateRun(SuiteRunner.java:415)
at org.testng.SuiteRunner.run(SuiteRunner.java:364)
at org.testng.SuiteRunnerWorker.runSuite(SuiteRunnerWorker.java:52)
at org.testng.SuiteRunnerWorker.run(SuiteRunnerWorker.java:84)
at org.testng.TestNG.runSuitesSequentially(TestNG.java:1208)
at org.testng.TestNG.runSuitesLocally(TestNG.java:1137)
at org.testng.TestNG.runSuites(TestNG.java:1049)
at org.testng.TestNG.run(TestNG.java:1017)
at org.testng.TestNG.privateMain(TestNG.java:1354)
at org.testng.TestNG.main(TestNG.java:1323)
]]>
            </full-stacktrace>
          </exception> <!-- java.lang.AssertionError -->
          <reporter-output>
          </reporter-output>
        </test-method> <!-- endTest -->
      </class> <!-- selenium.Testing3 -->
      <class name="selenium.Testing1">
        <test-method status="PASS" signature="beforeSuite()[pri:0, instance:selenium.Testing1@4ca8195f]" name="beforeSuite" is-config="true" duration-ms="8" started-at="2020-09-02T02:46:44Z" finished-at="2020-09-02T02:46:44Z">
          <reporter-output>
          </reporter-output>
        </test-method> <!-- beforeSuite -->
        <test-method status="PASS" signature="beforeTest()[pri:0, instance:selenium.Testing1@4ca8195f]" name="beforeTest" is-config="true" duration-ms="1" started-at="2020-09-02T02:46:44Z" finished-at="2020-09-02T02:46:44Z">
          <reporter-output>
          </reporter-output>
        </test-method> <!-- beforeTest -->
        <test-method status="PASS" signature="beforeClass()[pri:0, instance:selenium.Testing1@4ca8195f]" name="beforeClass" is-config="true" duration-ms="1" started-at="2020-09-02T02:46:44Z" finished-at="2020-09-02T02:46:44Z">
          <reporter-output>
          </reporter-output>
        </test-method> <!-- beforeClass -->
        <test-method status="PASS" signature="beforeMethod()[pri:0, instance:selenium.Testing1@4ca8195f]" name="beforeMethod" is-config="true" duration-ms="0" started-at="2020-09-02T02:46:44Z" finished-at="2020-09-02T02:46:44Z">
          <reporter-output>
          </reporter-output>
        </test-method> <!-- beforeMethod -->
        <test-method status="PASS" signature="Krunal(java.lang.Integer, java.lang.String, java.lang.String)[pri:0, instance:selenium.Testing1@4ca8195f]" name="Krunal" duration-ms="0" started-at="2020-09-02T02:46:44Z" data-provider="dp" finished-at="2020-09-02T02:46:44Z">
          <params>
            <param index="0">
              <value>
                <![CDATA[1]]>
              </value>
            </param>
            <param index="1">
              <value>
                <![CDATA[Krunal]]>
              </value>
            </param>
            <param index="2">
              <value>
                <![CDATA[a]]>
              </value>
            </param>
          </params>
          <reporter-output>
          </reporter-output>
        </test-method> <!-- Krunal -->
        <test-method status="PASS" signature="Krunal(java.lang.Integer, java.lang.String, java.lang.String)[pri:0, instance:selenium.Testing1@4ca8195f]" name="Krunal" duration-ms="0" started-at="2020-09-02T02:46:44Z" data-provider="dp" finished-at="2020-09-02T02:46:44Z">
          <params>
            <param index="0">
              <value>
                <![CDATA[2]]>
              </value>
            </param>
            <param index="1">
              <value>
                <![CDATA[Ashish]]>
              </value>
            </param>
            <param index="2">
              <value>
                <![CDATA[b]]>
              </value>
            </param>
          </params>
          <reporter-output>
          </reporter-output>
        </test-method> <!-- Krunal -->
        <test-method status="PASS" signature="afterMethod()[pri:0, instance:selenium.Testing1@4ca8195f]" name="afterMethod" is-config="true" duration-ms="0" started-at="2020-09-02T02:46:44Z" finished-at="2020-09-02T02:46:44Z">
          <reporter-output>
          </reporter-output>
        </test-method> <!-- afterMethod -->
        <test-method status="PASS" signature="afterMethod()[pri:0, instance:selenium.Testing1@4ca8195f]" name="afterMethod" is-config="true" duration-ms="0" started-at="2020-09-02T02:46:44Z" finished-at="2020-09-02T02:46:44Z">
          <reporter-output>
          </reporter-output>
        </test-method> <!-- afterMethod -->
        <test-method status="PASS" signature="beforeMethod()[pri:0, instance:selenium.Testing1@4ca8195f]" name="beforeMethod" is-config="true" duration-ms="0" started-at="2020-09-02T02:46:44Z" finished-at="2020-09-02T02:46:44Z">
          <reporter-output>
          </reporter-output>
        </test-method> <!-- beforeMethod -->
        <test-method status="PASS" signature="test1(java.lang.Integer, java.lang.String)[pri:0, instance:selenium.Testing1@4ca8195f]" name="test1" duration-ms="0" started-at="2020-09-02T02:46:44Z" data-provider="ashish" finished-at="2020-09-02T02:46:44Z">
          <params>
            <param index="0">
              <value>
                <![CDATA[3]]>
              </value>
            </param>
            <param index="1">
              <value>
                <![CDATA[c]]>
              </value>
            </param>
          </params>
          <reporter-output>
          </reporter-output>
        </test-method> <!-- test1 -->
        <test-method status="PASS" signature="beforeMethod()[pri:0, instance:selenium.Testing1@4ca8195f]" name="beforeMethod" is-config="true" duration-ms="0" started-at="2020-09-02T02:46:44Z" finished-at="2020-09-02T02:46:44Z">
          <reporter-output>
          </reporter-output>
        </test-method> <!-- beforeMethod -->
        <test-method status="PASS" signature="afterMethod()[pri:0, instance:selenium.Testing1@4ca8195f]" name="afterMethod" is-config="true" duration-ms="0" started-at="2020-09-02T02:46:44Z" finished-at="2020-09-02T02:46:44Z">
          <reporter-output>
          </reporter-output>
        </test-method> <!-- afterMethod -->
        <test-method status="PASS" signature="beforeMethod()[pri:0, instance:selenium.Testing1@4ca8195f]" name="beforeMethod" is-config="true" duration-ms="1" started-at="2020-09-02T02:46:44Z" finished-at="2020-09-02T02:46:44Z">
          <reporter-output>
          </reporter-output>
        </test-method> <!-- beforeMethod -->
        <test-method status="PASS" signature="afterMethod()[pri:0, instance:selenium.Testing1@4ca8195f]" name="afterMethod" is-config="true" duration-ms="0" started-at="2020-09-02T02:46:44Z" finished-at="2020-09-02T02:46:44Z">
          <reporter-output>
          </reporter-output>
        </test-method> <!-- afterMethod -->
        <test-method status="PASS" signature="beforeMethod()[pri:0, instance:selenium.Testing1@4ca8195f]" name="beforeMethod" is-config="true" duration-ms="0" started-at="2020-09-02T02:46:44Z" finished-at="2020-09-02T02:46:44Z">
          <reporter-output>
          </reporter-output>
        </test-method> <!-- beforeMethod -->
        <test-method status="PASS" signature="test1(java.lang.Integer, java.lang.String)[pri:0, instance:selenium.Testing1@4ca8195f]" name="test1" duration-ms="0" started-at="2020-09-02T02:46:44Z" data-provider="ashish" finished-at="2020-09-02T02:46:44Z">
          <params>
            <param index="0">
              <value>
                <![CDATA[5]]>
              </value>
            </param>
            <param index="1">
              <value>
                <![CDATA[e]]>
              </value>
            </param>
          </params>
          <reporter-output>
          </reporter-output>
        </test-method> <!-- test1 -->
        <test-method status="PASS" signature="afterMethod()[pri:0, instance:selenium.Testing1@4ca8195f]" name="afterMethod" is-config="true" duration-ms="0" started-at="2020-09-02T02:46:44Z" finished-at="2020-09-02T02:46:44Z">
          <reporter-output>
          </reporter-output>
        </test-method> <!-- afterMethod -->
        <test-method status="PASS" signature="test1(java.lang.Integer, java.lang.String)[pri:0, instance:selenium.Testing1@4ca8195f]" name="test1" duration-ms="0" started-at="2020-09-02T02:46:44Z" data-provider="ashish" finished-at="2020-09-02T02:46:44Z">
          <params>
            <param index="0">
              <value>
                <![CDATA[4]]>
              </value>
            </param>
            <param index="1">
              <value>
                <![CDATA[d]]>
              </value>
            </param>
          </params>
          <reporter-output>
          </reporter-output>
        </test-method> <!-- test1 -->
        <test-method status="PASS" signature="beforeMethod()[pri:0, instance:selenium.Testing1@4ca8195f]" name="beforeMethod" is-config="true" duration-ms="0" started-at="2020-09-02T02:46:44Z" finished-at="2020-09-02T02:46:44Z">
          <reporter-output>
          </reporter-output>
        </test-method> <!-- beforeMethod -->
        <test-method status="PASS" signature="afterClass()[pri:0, instance:selenium.Testing1@4ca8195f]" name="afterClass" is-config="true" duration-ms="0" started-at="2020-09-02T02:46:44Z" finished-at="2020-09-02T02:46:44Z">
          <reporter-output>
          </reporter-output>
        </test-method> <!-- afterClass -->
        <test-method status="PASS" signature="afterMethod()[pri:0, instance:selenium.Testing1@4ca8195f]" name="afterMethod" is-config="true" duration-ms="0" started-at="2020-09-02T02:46:44Z" finished-at="2020-09-02T02:46:44Z">
          <reporter-output>
          </reporter-output>
        </test-method> <!-- afterMethod -->
        <test-method status="PASS" signature="test3()[pri:0, instance:selenium.Testing1@4ca8195f]" name="test3" duration-ms="0" started-at="2020-09-02T02:46:44Z" finished-at="2020-09-02T02:46:44Z">
          <reporter-output>
          </reporter-output>
        </test-method> <!-- test3 -->
        <test-method status="PASS" signature="afterMethod()[pri:0, instance:selenium.Testing1@4ca8195f]" name="afterMethod" is-config="true" duration-ms="0" started-at="2020-09-02T02:46:44Z" finished-at="2020-09-02T02:46:44Z">
          <reporter-output>
          </reporter-output>
        </test-method> <!-- afterMethod -->
        <test-method status="PASS" signature="beforeMethod()[pri:0, instance:selenium.Testing1@4ca8195f]" name="beforeMethod" is-config="true" duration-ms="0" started-at="2020-09-02T02:46:44Z" finished-at="2020-09-02T02:46:44Z">
          <reporter-output>
          </reporter-output>
        </test-method> <!-- beforeMethod -->
        <test-method status="PASS" signature="test2()[pri:0, instance:selenium.Testing1@4ca8195f]" name="test2" duration-ms="0" started-at="2020-09-02T02:46:44Z" finished-at="2020-09-02T02:46:44Z">
          <reporter-output>
          </reporter-output>
        </test-method> <!-- test2 -->
        <test-method status="PASS" signature="afterTest()[pri:0, instance:selenium.Testing1@4ca8195f]" name="afterTest" is-config="true" duration-ms="0" started-at="2020-09-02T02:46:44Z" finished-at="2020-09-02T02:46:44Z">
          <reporter-output>
          </reporter-output>
        </test-method> <!-- afterTest -->
        <test-method status="PASS" signature="afterSuite()[pri:0, instance:selenium.Testing1@4ca8195f]" name="afterSuite" is-config="true" duration-ms="0" started-at="2020-09-02T02:46:44Z" finished-at="2020-09-02T02:46:44Z">
          <reporter-output>
          </reporter-output>
        </test-method> <!-- afterSuite -->
      </class> <!-- selenium.Testing1 -->
    </test> <!-- Test -->
  </suite> <!-- Suite -->
</testng-results>
